0 info it worked if it ends with ok
1 verbose cli [ '/opt/bitnami/nodejs/bin/.node.bin',
1 verbose cli   '/opt/bitnami/nodejs/bin/npm',
1 verbose cli   'start',
1 verbose cli   'index.js' ]
2 info using npm@2.14.4
3 info using node@v4.1.1
4 verbose stack Error: missing script: start
4 verbose stack     at run (/opt/bitnami/nodejs/lib/node_modules/npm/lib/run-script.js:142:19)
4 verbose stack     at /opt/bitnami/nodejs/lib/node_modules/npm/lib/run-script.js:58:5
4 verbose stack     at /opt/bitnami/nodejs/lib/node_modules/npm/node_modules/read-package-json/read-json.js:345:5
4 verbose stack     at checkBinReferences_ (/opt/bitnami/nodejs/lib/node_modules/npm/node_modules/read-package-json/read-json.js:309:45)
4 verbose stack     at final (/opt/bitnami/nodejs/lib/node_modules/npm/node_modules/read-package-json/read-json.js:343:3)
4 verbose stack     at then (/opt/bitnami/nodejs/lib/node_modules/npm/node_modules/read-package-json/read-json.js:113:5)
4 verbose stack     at serverjs_ (/opt/bitnami/nodejs/lib/node_modules/npm/node_modules/read-package-json/read-json.js:166:29)
4 verbose stack     at /opt/bitnami/nodejs/lib/node_modules/npm/node_modules/read-package-json/read-json.js:161:5
4 verbose stack     at f (/opt/bitnami/nodejs/lib/node_modules/npm/node_modules/once/once.js:17:25)
4 verbose stack     at Glob.<anonymous> (/opt/bitnami/nodejs/lib/node_modules/npm/node_modules/glob/glob.js:133:7)
5 verbose cwd /opt/bitnami/apache2/htdocs/firstreact
6 error Linux 3.13.0-65-generic
7 error argv "/opt/bitnami/nodejs/bin/.node.bin" "/opt/bitnami/nodejs/bin/npm" "start" "index.js"
8 error node v4.1.1
9 error npm  v2.14.4
10 error missing script: start
11 error If you need help, you may report this error at:
11 error     <https://github.com/npm/npm/issues>
12 verbose exit [ 1, true ]
